<?xml version="1.0" encoding="UTF-8"?>
<testsuites name="UserModule" time="264" tests="1" failures="1" errors="0">
   <testsuite name="UserModule" tests="1" failures="1" errors="0" time="264" timestamp="2018-01-12 16:37:26" hostname="admin - 192.168.1.3" id="Test Suites/UserModule">
      <properties>
         <property name="deviceName" value=""/>
         <property name="devicePlatform" value=""/>
         <property name="logFolder" value="E:\\repos\\CommerceAppTest\\Reports\\UserModule\\20180112_163705"/>
         <property name="logFiles" value="E:\\repos\\CommerceAppTest\\Reports\\UserModule\\20180112_163705\\execution0.log"/>
         <property name="attachments" value="E:\\repos\\CommerceAppTest\\Reports\\UserModule\\20180112_163705\\1515755504414.png"/>
         <property name="hostName" value="admin - 192.168.1.3"/>
         <property name="os" value="Windows 10 64bit"/>
         <property name="katalonVersion" value="5.2.0.1"/>
         <property name="browser" value="Firefox 57.0"/>
         <property name="hostAddress" value="192.168.1.3"/>
         <property name="sessionId" value="1685d00f-c650-4550-9fad-29d46386baa6"/>
         <property name="seleniumVersion" value="3.7.1"/>
         <property name="proxyInformation" value="ProxyInformation{proxyOption=NO_PROXY, proxyServerType=HTTP, password=, proxyServerAddress=, proxyServerPort=0}"/>
         <property name="platform" value="Windows 10"/>
      </properties>
      <testcase name="Test Cases/Login" classname="Test Cases/Login" status="PASSED">
         <system-out><![CDATA[2018-01-12 16:37:28 - [TEST_CASE][PASSED] - Test Cases/Login: Test Cases/Login

2018-01-12 16:37:33 - [TEST_STEP][PASSED] - openBrowser: Browser is opened with url: ''

2018-01-12 16:39:02 - [MESSAGE][PASSED] - Browser is opened with url: ''

2018-01-12 16:39:02 - [TEST_STEP][PASSED] - navigateToUrl: Navigate to 'http://localhost:8080/login' successfully

2018-01-12 16:39:09 - [MESSAGE][PASSED] - Navigate to 'http://localhost:8080/login' successfully

2018-01-12 16:39:09 - [TEST_STEP][PASSED] - setText: Text 'amit@gmail.com' is set on object 'Object Repository/Page_User Login/input_username'

2018-01-12 16:39:13 - [MESSAGE][PASSED] - Text 'amit@gmail.com' is set on object 'Object Repository/Page_User Login/input_username'

2018-01-12 16:39:13 - [TEST_STEP][PASSED] - setText: Text 'amit' is set on object 'Object Repository/Page_User Login/input_password'

2018-01-12 16:39:17 - [MESSAGE][PASSED] - Text 'amit' is set on object 'Object Repository/Page_User Login/input_password'

2018-01-12 16:39:17 - [TEST_STEP][PASSED] - click: Object: 'Object Repository/Page_User Login/button_Login' is clicked on

2018-01-12 16:39:28 - [MESSAGE][PASSED] - Object: 'Object Repository/Page_User Login/button_Login' is clicked on

2018-01-12 16:39:28 - [TEST_STEP][PASSED] - click: Object: 'Object Repository/Page_Search Supplier/i_exit_to_app' is clicked on

2018-01-12 16:39:48 - [MESSAGE][PASSED] - Object: 'Object Repository/Page_Search Supplier/i_exit_to_app' is clicked on

2018-01-12 16:39:48 - [TEST_STEP][PASSED] - closeBrowser: Browser is closed

2018-01-12 16:39:51 - [MESSAGE][PASSED] - Browser is closed]]></system-out>
         <system-err><![CDATA[]]></system-err>
      </testcase>
      <testcase name="Test Cases/User/ManageUser" classname="Test Cases/User/ManageUser" status="FAILED">
         <failure type="FAILED" message="Unable to click on object 'Object Repository/Page_Search Supplier (1)/span_Manage Account' (Root cause: org.openqa.selenium.ElementNotInteractableException: 
Build info: version: '3.7.1', revision: '8a0099a', time: '2017-11-06T21:07:36.161Z'
System info: host: 'PUNJ_LAPTOP', ip: '192.168.1.3', os.name: 'Windows 10', os.arch: 'amd64', os.version: '10.0', java.version: '1.8.0_102'
Driver info: com.kms.katalon.core.webui.driver.firefox.CGeckoDriver
Capabilities {acceptInsecureCerts: true, browserName: firefox, browserVersion: 57.0.4, javascriptEnabled: true, moz:accessibilityChecks: false, moz:headless: false, moz:processID: 8872, moz:profile: C:\Users\admin\AppData\Loca..., moz:webdriverClick: false, pageLoadStrategy: normal, platform: XP, platformName: XP, platformVersion: 10.0, proxy: Proxy(direct), rotatable: false, timeouts: {implicit: 0, pageLoad: 300000, script: 30000}}
Session ID: 1685d00f-c650-4550-9fad-29d46386baa6)"/>
         <system-out><![CDATA[2018-01-12 16:39:51 - [TEST_CASE][FAILED] - Test Cases/User/ManageUser: Test Cases/User/ManageUser FAILED because (of) Unable to click on object 'Object Repository/Page_Search Supplier (1)/span_Manage Account' (Root cause: org.openqa.selenium.ElementNotInteractableException: 
Build info: version: '3.7.1', revision: '8a0099a', time: '2017-11-06T21:07:36.161Z'
System info: host: 'PUNJ_LAPTOP', ip: '192.168.1.3', os.name: 'Windows 10', os.arch: 'amd64', os.version: '10.0', java.version: '1.8.0_102'
Driver info: com.kms.katalon.core.webui.driver.firefox.CGeckoDriver
Capabilities {acceptInsecureCerts: true, browserName: firefox, browserVersion: 57.0.4, javascriptEnabled: true, moz:accessibilityChecks: false, moz:headless: false, moz:processID: 8872, moz:profile: C:\Users\admin\AppData\Loca..., moz:webdriverClick: false, pageLoadStrategy: normal, platform: XP, platformName: XP, platformVersion: 10.0, proxy: Proxy(direct), rotatable: false, timeouts: {implicit: 0, pageLoad: 300000, script: 30000}}
Session ID: 1685d00f-c650-4550-9fad-29d46386baa6)

2018-01-12 16:39:52 - [TEST_STEP][PASSED] - openBrowser: Browser is opened with url: ''

2018-01-12 16:41:07 - [MESSAGE][PASSED] - Browser is opened with url: ''

2018-01-12 16:41:07 - [TEST_STEP][PASSED] - navigateToUrl: Navigate to 'http://localhost:8080/login' successfully

2018-01-12 16:41:11 - [MESSAGE][PASSED] - Navigate to 'http://localhost:8080/login' successfully

2018-01-12 16:41:11 - [TEST_STEP][PASSED] - setText: Text 'amit@gmail.com' is set on object 'Object Repository/Page_User Login (1)/input_username'

2018-01-12 16:41:14 - [MESSAGE][PASSED] - Text 'amit@gmail.com' is set on object 'Object Repository/Page_User Login (1)/input_username'

2018-01-12 16:41:14 - [TEST_STEP][PASSED] - setText: Text 'amit' is set on object 'Object Repository/Page_User Login (1)/input_password'

2018-01-12 16:41:18 - [MESSAGE][PASSED] - Text 'amit' is set on object 'Object Repository/Page_User Login (1)/input_password'

2018-01-12 16:41:18 - [TEST_STEP][PASSED] - click: Object: 'Object Repository/Page_User Login (1)/button_Login' is clicked on

2018-01-12 16:41:29 - [MESSAGE][PASSED] - Object: 'Object Repository/Page_User Login (1)/button_Login' is clicked on

2018-01-12 16:41:29 - [TEST_STEP][PASSED] - click: Object: 'Object Repository/Page_Search Supplier (1)/a_accountmenu' is clicked on

2018-01-12 16:41:42 - [MESSAGE][PASSED] - Object: 'Object Repository/Page_Search Supplier (1)/a_accountmenu' is clicked on

2018-01-12 16:41:42 - [TEST_STEP][FAILED] - click: Unable to click on object 'Object Repository/Page_Search Supplier (1)/span_Manage Account' (Root cause: org.openqa.selenium.ElementNotInteractableException: 
Build info: version: '3.7.1', revision: '8a0099a', time: '2017-11-06T21:07:36.161Z'
System info: host: 'PUNJ_LAPTOP', ip: '192.168.1.3', os.name: 'Windows 10', os.arch: 'amd64', os.version: '10.0', java.version: '1.8.0_102'
Driver info: com.kms.katalon.core.webui.driver.firefox.CGeckoDriver
Capabilities {acceptInsecureCerts: true, browserName: firefox, browserVersion: 57.0.4, javascriptEnabled: true, moz:accessibilityChecks: false, moz:headless: false, moz:processID: 8872, moz:profile: C:\Users\admin\AppData\Loca..., moz:webdriverClick: false, pageLoadStrategy: normal, platform: XP, platformName: XP, platformVersion: 10.0, proxy: Proxy(direct), rotatable: false, timeouts: {implicit: 0, pageLoad: 300000, script: 30000}}
Session ID: 1685d00f-c650-4550-9fad-29d46386baa6)

2018-01-12 16:41:48 - [MESSAGE][FAILED] - Unable to click on object 'Object Repository/Page_Search Supplier (1)/span_Manage Account' (Root cause: org.openqa.selenium.ElementNotInteractableException: 
Build info: version: '3.7.1', revision: '8a0099a', time: '2017-11-06T21:07:36.161Z'
System info: host: 'PUNJ_LAPTOP', ip: '192.168.1.3', os.name: 'Windows 10', os.arch: 'amd64', os.version: '10.0', java.version: '1.8.0_102'
Driver info: com.kms.katalon.core.webui.driver.firefox.CGeckoDriver
Capabilities {acceptInsecureCerts: true, browserName: firefox, browserVersion: 57.0.4, javascriptEnabled: true, moz:accessibilityChecks: false, moz:headless: false, moz:processID: 8872, moz:profile: C:\Users\admin\AppData\Loca..., moz:webdriverClick: false, pageLoadStrategy: normal, platform: XP, platformName: XP, platformVersion: 10.0, proxy: Proxy(direct), rotatable: false, timeouts: {implicit: 0, pageLoad: 300000, script: 30000}}
Session ID: 1685d00f-c650-4550-9fad-29d46386baa6)
[[ATTACHMENT|E:\\repos\\CommerceAppTest\\Reports\\UserModule\\20180112_163705\\1515755504414.png]]]]></system-out>
         <system-err><![CDATA[2018-01-12 16:39:51 - [TEST_CASE][FAILED] - Test Cases/User/ManageUser: Test Cases/User/ManageUser FAILED because (of) Unable to click on object 'Object Repository/Page_Search Supplier (1)/span_Manage Account' (Root cause: org.openqa.selenium.ElementNotInteractableException: 
Build info: version: '3.7.1', revision: '8a0099a', time: '2017-11-06T21:07:36.161Z'
System info: host: 'PUNJ_LAPTOP', ip: '192.168.1.3', os.name: 'Windows 10', os.arch: 'amd64', os.version: '10.0', java.version: '1.8.0_102'
Driver info: com.kms.katalon.core.webui.driver.firefox.CGeckoDriver
Capabilities {acceptInsecureCerts: true, browserName: firefox, browserVersion: 57.0.4, javascriptEnabled: true, moz:accessibilityChecks: false, moz:headless: false, moz:processID: 8872, moz:profile: C:\Users\admin\AppData\Loca..., moz:webdriverClick: false, pageLoadStrategy: normal, platform: XP, platformName: XP, platformVersion: 10.0, proxy: Proxy(direct), rotatable: false, timeouts: {implicit: 0, pageLoad: 300000, script: 30000}}
Session ID: 1685d00f-c650-4550-9fad-29d46386baa6)]]></system-err>
      </testcase>
      <system-out><![CDATA[2018-01-12 16:37:26 - [TEST_SUITE][FAILED] - UserModule: Test Cases/User/ManageUser FAILED because (of) Unable to click on object 'Object Repository/Page_Search Supplier (1)/span_Manage Account' (Root cause: org.openqa.selenium.ElementNotInteractableException: 
Build info: version: '3.7.1', revision: '8a0099a', time: '2017-11-06T21:07:36.161Z'
System info: host: 'PUNJ_LAPTOP', ip: '192.168.1.3', os.name: 'Windows 10', os.arch: 'amd64', os.version: '10.0', java.version: '1.8.0_102'
Driver info: com.kms.katalon.core.webui.driver.firefox.CGeckoDriver
Capabilities {acceptInsecureCerts: true, browserName: firefox, browserVersion: 57.0.4, javascriptEnabled: true, moz:accessibilityChecks: false, moz:headless: false, moz:processID: 8872, moz:profile: C:\Users\admin\AppData\Loca..., moz:webdriverClick: false, pageLoadStrategy: normal, platform: XP, platformName: XP, platformVersion: 10.0, proxy: Proxy(direct), rotatable: false, timeouts: {implicit: 0, pageLoad: 300000, script: 30000}}
Session ID: 1685d00f-c650-4550-9fad-29d46386baa6)]]></system-out>
      <system-err><![CDATA[2018-01-12 16:37:26 - [TEST_SUITE][FAILED] - UserModule: Test Cases/User/ManageUser FAILED because (of) Unable to click on object 'Object Repository/Page_Search Supplier (1)/span_Manage Account' (Root cause: org.openqa.selenium.ElementNotInteractableException: 
Build info: version: '3.7.1', revision: '8a0099a', time: '2017-11-06T21:07:36.161Z'
System info: host: 'PUNJ_LAPTOP', ip: '192.168.1.3', os.name: 'Windows 10', os.arch: 'amd64', os.version: '10.0', java.version: '1.8.0_102'
Driver info: com.kms.katalon.core.webui.driver.firefox.CGeckoDriver
Capabilities {acceptInsecureCerts: true, browserName: firefox, browserVersion: 57.0.4, javascriptEnabled: true, moz:accessibilityChecks: false, moz:headless: false, moz:processID: 8872, moz:profile: C:\Users\admin\AppData\Loca..., moz:webdriverClick: false, pageLoadStrategy: normal, platform: XP, platformName: XP, platformVersion: 10.0, proxy: Proxy(direct), rotatable: false, timeouts: {implicit: 0, pageLoad: 300000, script: 30000}}
Session ID: 1685d00f-c650-4550-9fad-29d46386baa6)]]></system-err>
   </testsuite>
</testsuites>
